<?xml version="1.0" encoding="UTF-8"?>
<!-- Generated by org.testng.reporters.JUnitReportReporter -->
<testsuite skipped="0" hostname="Cognits-1" name="Package_1.NewTest" tests="1" failures="0" timestamp="14 sep 2017 17:47:32 GMT" time="326.186" errors="0">
  <testcase name="Test_Frenzy" time="326.186" classname="Package_1.NewTest"/>
</testsuite> <!-- Package_1.NewTest -->
