<?xml version="1.0" encoding="UTF-8"?>
<!-- Generated by org.testng.reporters.JUnitReportReporter -->
<testsuite skipped="0" hostname="DESKTOP-45F9AGI" name="Package_1.Login_Test" tests="1" failures="0" timestamp="18 sep 2017 18:03:03 GMT" time="9.528" errors="0">
  <testcase name="LoginTest" time="9.528" classname="Package_1.Login_Test"/>
</testsuite> <!-- Package_1.Login_Test -->
